2025-02-09 15:16:55,958 INFO: Next chapter: 2 [in /Users/liado/ORIT/mindful-weight-loss/app.py:246]
2025-02-09 15:17:09,823 INFO: Current completed videos: ['1'] [in /Users/liado/ORIT/mindful-weight-loss/app.py:265]
2025-02-09 15:17:09,824 INFO: Trying to mark as complete: 2 [in /Users/liado/ORIT/mindful-weight-loss/app.py:266]
2025-02-09 15:17:09,824 INFO: Can unlock chapter 2? True [in /Users/liado/ORIT/mindful-weight-loss/app.py:279]
2025-02-09 15:17:09,824 INFO: Previous chapter: 1 [in /Users/liado/ORIT/mindful-weight-loss/app.py:280]
2025-02-09 15:17:09,825 INFO: Chapter 2 marked as complete. New progress: 28% [in /Users/liado/ORIT/mindful-weight-loss/app.py:290]
2025-02-09 15:17:09,825 INFO: New completed videos: ['1', '2'] [in /Users/liado/ORIT/mindful-weight-loss/app.py:291]
2025-02-09 15:17:11,161 INFO: Current completed videos: ['1', '2'] [in /Users/liado/ORIT/mindful-weight-loss/app.py:265]
2025-02-09 15:17:11,161 INFO: Trying to mark as complete: 3 [in /Users/liado/ORIT/mindful-weight-loss/app.py:266]
2025-02-09 15:17:11,161 INFO: Can unlock chapter 3? True [in /Users/liado/ORIT/mindful-weight-loss/app.py:279]
2025-02-09 15:17:11,161 INFO: Previous chapter: 2 [in /Users/liado/ORIT/mindful-weight-loss/app.py:280]
2025-02-09 15:17:11,161 INFO: Chapter 3 marked as complete. New progress: 42% [in /Users/liado/ORIT/mindful-weight-loss/app.py:290]
2025-02-09 15:17:11,161 INFO: New completed videos: ['1', '2', '3'] [in /Users/liado/ORIT/mindful-weight-loss/app.py:291]
2025-02-09 15:20:39,915 INFO: Current completed videos: ['1', '2', '3'] [in /Users/liado/ORIT/mindful-weight-loss/app.py:265]
2025-02-09 15:20:39,915 INFO: Trying to mark as complete: 4 [in /Users/liado/ORIT/mindful-weight-loss/app.py:266]
2025-02-09 15:20:39,916 INFO: Can unlock chapter 4? True [in /Users/liado/ORIT/mindful-weight-loss/app.py:279]
2025-02-09 15:20:39,916 INFO: Previous chapter: 3 [in /Users/liado/ORIT/mindful-weight-loss/app.py:280]
2025-02-09 15:20:39,916 INFO: Chapter 4 marked as complete. New progress: 57% [in /Users/liado/ORIT/mindful-weight-loss/app.py:290]
2025-02-09 15:20:39,916 INFO: New completed videos: ['1', '2', '3', '4'] [in /Users/liado/ORIT/mindful-weight-loss/app.py:291]
2025-02-09 15:22:10,139 INFO: Mindful Weight Loss startup [in /Users/liado/ORIT/mindful-weight-loss/app.py:79]
2025-02-09 15:22:37,118 INFO: Mindful Weight Loss startup [in /Users/liado/ORIT/mindful-weight-loss/app.py:79]
2025-02-09 15:23:01,032 INFO: Mindful Weight Loss startup [in /Users/liado/ORIT/mindful-weight-loss/app.py:79]
2025-02-09 15:23:01,409 INFO: Mindful Weight Loss startup [in /Users/liado/ORIT/mindful-weight-loss/app.py:79]
2025-02-09 15:23:57,504 INFO: Completed videos: [] [in /Users/liado/ORIT/mindful-weight-loss/app.py:238]
2025-02-09 15:23:57,504 INFO: Progress: 0% [in /Users/liado/ORIT/mindful-weight-loss/app.py:245]
2025-02-09 15:23:57,504 INFO: Next chapter: 1 [in /Users/liado/ORIT/mindful-weight-loss/app.py:254]
2025-02-09 15:24:02,417 INFO: Current completed videos: [] [in /Users/liado/ORIT/mindful-weight-loss/app.py:274]
2025-02-09 15:24:02,418 INFO: Trying to mark as complete: 1 [in /Users/liado/ORIT/mindful-weight-loss/app.py:275]
2025-02-09 15:24:02,418 INFO: Can unlock chapter 1? True [in /Users/liado/ORIT/mindful-weight-loss/app.py:288]
2025-02-09 15:24:02,418 INFO: Previous chapter: 0 [in /Users/liado/ORIT/mindful-weight-loss/app.py:289]
2025-02-09 15:24:02,418 INFO: Chapter 1 marked as complete. New progress: 14% [in /Users/liado/ORIT/mindful-weight-loss/app.py:299]
2025-02-09 15:24:02,418 INFO: New completed videos: ['1'] [in /Users/liado/ORIT/mindful-weight-loss/app.py:300]
2025-02-09 15:24:04,438 INFO: Current completed videos: ['1'] [in /Users/liado/ORIT/mindful-weight-loss/app.py:274]
2025-02-09 15:24:04,439 INFO: Trying to mark as complete: 2 [in /Users/liado/ORIT/mindful-weight-loss/app.py:275]
2025-02-09 15:24:04,439 INFO: Can unlock chapter 2? True [in /Users/liado/ORIT/mindful-weight-loss/app.py:288]
2025-02-09 15:24:04,439 INFO: Previous chapter: 1 [in /Users/liado/ORIT/mindful-weight-loss/app.py:289]
2025-02-09 15:24:04,439 INFO: Chapter 2 marked as complete. New progress: 28% [in /Users/liado/ORIT/mindful-weight-loss/app.py:299]
2025-02-09 15:24:04,439 INFO: New completed videos: ['1', '2'] [in /Users/liado/ORIT/mindful-weight-loss/app.py:300]
2025-02-09 15:24:07,454 INFO: Completed videos: ['1', '2'] [in /Users/liado/ORIT/mindful-weight-loss/app.py:238]
2025-02-09 15:24:07,454 INFO: Progress: 28% [in /Users/liado/ORIT/mindful-weight-loss/app.py:245]
2025-02-09 15:24:07,454 INFO: Next chapter: 3 [in /Users/liado/ORIT/mindful-weight-loss/app.py:254]
2025-02-09 15:24:18,181 INFO: Completed videos: ['1', '2'] [in /Users/liado/ORIT/mindful-weight-loss/app.py:238]
2025-02-09 15:24:18,181 INFO: Progress: 28% [in /Users/liado/ORIT/mindful-weight-loss/app.py:245]
2025-02-09 15:24:18,181 INFO: Next chapter: 3 [in /Users/liado/ORIT/mindful-weight-loss/app.py:254]
2025-02-09 15:24:25,650 INFO: Current completed videos: ['1', '2'] [in /Users/liado/ORIT/mindful-weight-loss/app.py:274]
2025-02-09 15:24:25,650 INFO: Trying to mark as complete: 3 [in /Users/liado/ORIT/mindful-weight-loss/app.py:275]
2025-02-09 15:24:25,650 INFO: Can unlock chapter 3? True [in /Users/liado/ORIT/mindful-weight-loss/app.py:288]
2025-02-09 15:24:25,650 INFO: Previous chapter: 2 [in /Users/liado/ORIT/mindful-weight-loss/app.py:289]
2025-02-09 15:24:25,651 INFO: Chapter 3 marked as complete. New progress: 42% [in /Users/liado/ORIT/mindful-weight-loss/app.py:299]
2025-02-09 15:24:25,651 INFO: New completed videos: ['1', '2', '3'] [in /Users/liado/ORIT/mindful-weight-loss/app.py:300]
2025-02-09 15:24:27,410 INFO: Current completed videos: ['1', '2', '3'] [in /Users/liado/ORIT/mindful-weight-loss/app.py:274]
2025-02-09 15:24:27,410 INFO: Trying to mark as complete: 4 [in /Users/liado/ORIT/mindful-weight-loss/app.py:275]
2025-02-09 15:24:27,410 INFO: Can unlock chapter 4? True [in /Users/liado/ORIT/mindful-weight-loss/app.py:288]
2025-02-09 15:24:27,410 INFO: Previous chapter: 3 [in /Users/liado/ORIT/mindful-weight-loss/app.py:289]
2025-02-09 15:24:27,410 INFO: Chapter 4 marked as complete. New progress: 57% [in /Users/liado/ORIT/mindful-weight-loss/app.py:299]
2025-02-09 15:24:27,410 INFO: New completed videos: ['1', '2', '3', '4'] [in /Users/liado/ORIT/mindful-weight-loss/app.py:300]
2025-02-09 15:24:29,654 INFO: Current completed videos: ['1', '2', '3', '4'] [in /Users/liado/ORIT/mindful-weight-loss/app.py:274]
2025-02-09 15:24:29,654 INFO: Trying to mark as complete: 5 [in /Users/liado/ORIT/mindful-weight-loss/app.py:275]
2025-02-09 15:24:29,654 INFO: Can unlock chapter 5? True [in /Users/liado/ORIT/mindful-weight-loss/app.py:288]
2025-02-09 15:24:29,654 INFO: Previous chapter: 4 [in /Users/liado/ORIT/mindful-weight-loss/app.py:289]
2025-02-09 15:24:29,654 INFO: Chapter 5 marked as complete. New progress: 71% [in /Users/liado/ORIT/mindful-weight-loss/app.py:299]
2025-02-09 15:24:29,654 INFO: New completed videos: ['1', '2', '3', '4', '5'] [in /Users/liado/ORIT/mindful-weight-loss/app.py:300]
2025-02-09 15:24:31,676 INFO: Current completed videos: ['1', '2', '3', '4', '5'] [in /Users/liado/ORIT/mindful-weight-loss/app.py:274]
2025-02-09 15:24:31,676 INFO: Trying to mark as complete: 6 [in /Users/liado/ORIT/mindful-weight-loss/app.py:275]
2025-02-09 15:24:31,676 INFO: Can unlock chapter 6? True [in /Users/liado/ORIT/mindful-weight-loss/app.py:288]
2025-02-09 15:24:31,676 INFO: Previous chapter: 5 [in /Users/liado/ORIT/mindful-weight-loss/app.py:289]
2025-02-09 15:24:31,677 INFO: Chapter 6 marked as complete. New progress: 85% [in /Users/liado/ORIT/mindful-weight-loss/app.py:299]
2025-02-09 15:24:31,677 INFO: New completed videos: ['1', '2', '3', '4', '5', '6'] [in /Users/liado/ORIT/mindful-weight-loss/app.py:300]
2025-02-09 15:24:33,676 INFO: Current completed videos: ['1', '2', '3', '4', '5', '6'] [in /Users/liado/ORIT/mindful-weight-loss/app.py:274]
2025-02-09 15:24:33,676 INFO: Trying to mark as complete: 7 [in /Users/liado/ORIT/mindful-weight-loss/app.py:275]
2025-02-09 15:24:33,676 INFO: Can unlock chapter 7? True [in /Users/liado/ORIT/mindful-weight-loss/app.py:288]
2025-02-09 15:24:33,676 INFO: Previous chapter: 6 [in /Users/liado/ORIT/mindful-weight-loss/app.py:289]
2025-02-09 15:24:33,676 INFO: Chapter 7 marked as complete. New progress: 100% [in /Users/liado/ORIT/mindful-weight-loss/app.py:299]
2025-02-09 15:24:33,676 INFO: New completed videos: ['1', '2', '3', '4', '5', '6', '7'] [in /Users/liado/ORIT/mindful-weight-loss/app.py:300]
